<?xml version="1.0" encoding="UTF-8"?>
<!-- Generated by org.testng.reporters.JUnitReportReporter -->
<testsuite hostname="Aakashs-MacBook-Pro.local" failures="0" tests="1" name="myTests.Amazon" time="37.651" errors="0" timestamp="2023-10-10T17:00:03 IST" skipped="0">
  <testcase classname="myTests.Amazon" name="test4" time="37.651"/>
</testsuite> <!-- myTests.Amazon -->
