<?xml version="1.0" encoding="UTF-8"?>
<!-- Generated by org.testng.reporters.JUnitReportReporter -->
<testsuite hostname="Aakashs-MacBook-Pro.local" failures="0" tests="2" name="myTests.Bandlab" time="33.642" errors="0" timestamp="2023-10-10T13:11:42 IST" skipped="0">
  <testcase classname="myTests.Bandlab" name="test0" time="0.089"/>
  <testcase classname="myTests.Bandlab" name="test1" time="33.553"/>
</testsuite> <!-- myTests.Bandlab -->
