<?xml version="1.0" encoding="UTF-8"?>
<!-- Generated by org.testng.reporters.JUnitReportReporter -->
<testsuite hostname="Aakashs-MacBook-Pro.local" failures="0" tests="3" name="myTests.alertsTest" time="23.481" errors="0" timestamp="2023-09-11T12:18:12 IST" skipped="0">
  <testcase classname="myTests.alertsTest" name="test1" time="7.107"/>
  <testcase classname="myTests.alertsTest" name="Test3" time="7.219"/>
  <testcase classname="myTests.alertsTest" name="test2" time="9.155"/>
</testsuite> <!-- myTests.alertsTest -->
