<?xml version="1.0" encoding="UTF-8"?>
<!-- Generated by org.testng.reporters.JUnitReportReporter -->
<testsuite hostname="Aakashs-MacBook-Pro.local" failures="0" tests="3" name="myTests.pgm1Test" time="13.063" errors="0" timestamp="2023-09-11T10:22:34 IST" skipped="0">
  <testcase classname="myTests.pgm1Test" name="test2" time="6.782"/>
  <testcase classname="myTests.pgm1Test" name="test3" time="6.268"/>
  <testcase classname="myTests.pgm1Test" name="test1" time="0.013"/>
</testsuite> <!-- myTests.pgm1Test -->
