<?xml version="1.0" encoding="UTF-8"?>
<!-- Generated by org.testng.reporters.JUnitReportReporter -->
<testsuite hostname="Aakashs-MacBook-Pro.local" failures="0" tests="1" name="MySeleniumSessionsClasses.MySeleniumSessionsClasses.test1" time="19.690" errors="0" timestamp="2023-09-07T17:27:37 IST" skipped="0">
  <testcase classname="MySeleniumSessionsClasses.MySeleniumSessionsClasses.test1" name="testA" time="19.690"/>
</testsuite> <!-- MySeleniumSessionsClasses.MySeleniumSessionsClasses.test1 -->
