<?xml version="1.0" encoding="UTF-8"?>
<!-- Generated by org.testng.reporters.JUnitReportReporter -->
<testsuite hostname="Aakashs-MacBook-Pro.local" failures="0" tests="1" name="myTests.WindowsSession" time="11.582" errors="0" timestamp="2023-09-11T12:20:48 IST" skipped="0">
  <testcase classname="myTests.WindowsSession" name="test1" time="11.582"/>
</testsuite> <!-- myTests.WindowsSession -->
