<?xml version="1.0" encoding="UTF-8"?>
<!-- Generated by org.testng.reporters.JUnitReportReporter -->
<testsuite hostname="Aakashs-MacBook-Pro.local" failures="0" tests="1" name="myTests.FramesTest" time="39.311" errors="0" timestamp="2023-09-11T12:19:59 IST" skipped="0">
  <testcase classname="myTests.FramesTest" name="test1" time="39.311"/>
</testsuite> <!-- myTests.FramesTest -->
